------------------------------------------------------------------------------------------------------------------------

[2023-06-05 22:05:54 #1 store] 
Database 'C:\Users\migue\git\JavaLearn\UD9\db\empleados.odb' is opened by 6016@DESKTOP-CVFANML

[2023-06-05 22:05:54 #2 store] 
Configuration path: ?

[2023-06-05 22:05:55 #3 type] 
Type ejercicioClase.DepartamentoEntity is not enhanced.

[2023-06-05 22:05:55 #4 type] 
Type ejercicioClase.EmpleadoEntity is not enhanced.

[2023-06-05 22:05:55 #5 type] 
Type repasoEjercicioClase.DepartamentoEntity is not enhanced.

[2023-06-05 22:05:55 #6 type] 
Type repasoEjercicioClase.EmpleadoEntity is not enhanced.

------------------------------------------------------------------------------------------------------------------------

[2023-06-05 22:06:27 #1 store] 
Database 'C:\Users\migue\git\JavaLearn\UD9\db\empleados.odb' is opened by 84@DESKTOP-CVFANML

[2023-06-05 22:06:27 #2 store] 
Configuration path: ?

[2023-06-05 22:06:27 #3 type] 
Type ejercicioClase.DepartamentoEntity is not enhanced.

[2023-06-05 22:06:27 #4 type] 
Type ejercicioClase.EmpleadoEntity is not enhanced.

[2023-06-05 22:06:27 #5 type] 
Type repasoEjercicioClase.DepartamentoEntity is not enhanced.

[2023-06-05 22:06:27 #6 type] 
Type repasoEjercicioClase.EmpleadoEntity is not enhanced.

