------------------------------------------------------------------------------------------------------------------------

[2023-05-07 18:49:37 #1 store] 
Database 'C:\Users\migue\git\JavaLearn\UD9\db\empleados.odb' is opened by 12968@DESKTOP-CVFANML

[2023-05-07 18:49:37 #2 store] 
Configuration path: ?

[2023-05-07 18:49:37 #3 type] 
Type ejercicioClase.DepartamentoEntity is not enhanced.

[2023-05-07 18:49:37 #4 type] 
Type ejercicioClase.EmpleadoEntity is not enhanced.

[2023-05-07 18:49:37 #5 type] 
Type repasoEjercicioClase.DepartamentoEntity is not enhanced.

[2023-05-07 18:49:37 #6 type] 
Type repasoEjercicioClase.EmpleadoEntity is not enhanced.

------------------------------------------------------------------------------------------------------------------------

[2023-05-07 19:52:53 #1 store] 
Database 'C:\Users\migue\git\JavaLearn\UD9\db\empleados.odb' is opened by 8936@DESKTOP-CVFANML

[2023-05-07 19:52:53 #2 store] 
Configuration path: ?

[2023-05-07 19:52:53 #3 type] 
Type ejercicioClase.DepartamentoEntity is not enhanced.

[2023-05-07 19:52:53 #4 type] 
Type ejercicioClase.EmpleadoEntity is not enhanced.

[2023-05-07 19:52:53 #5 type] 
Type repasoEjercicioClase.DepartamentoEntity is not enhanced.

[2023-05-07 19:52:53 #6 type] 
Type repasoEjercicioClase.EmpleadoEntity is not enhanced.

------------------------------------------------------------------------------------------------------------------------

[2023-05-07 19:53:21 #1 store] 
Database 'C:\Users\migue\git\JavaLearn\UD9\db\empleados.odb' is opened by 3484@DESKTOP-CVFANML

[2023-05-07 19:53:21 #2 store] 
Configuration path: ?

[2023-05-07 19:53:21 #3 type] 
Type ejercicioClase.DepartamentoEntity is not enhanced.

[2023-05-07 19:53:21 #4 type] 
Type ejercicioClase.EmpleadoEntity is not enhanced.

[2023-05-07 19:53:21 #5 type] 
Type repasoEjercicioClase.DepartamentoEntity is not enhanced.

[2023-05-07 19:53:21 #6 type] 
Type repasoEjercicioClase.EmpleadoEntity is not enhanced.

------------------------------------------------------------------------------------------------------------------------

[2023-05-07 21:24:55 #1 store] 
Database 'C:\Users\migue\git\JavaLearn\UD9\db\empleados.odb' is opened by 10872@DESKTOP-CVFANML

[2023-05-07 21:24:55 #2 store] 
Configuration path: ?

[2023-05-07 21:24:56 #3 type] 
Type ejercicioClase.DepartamentoEntity is not enhanced.

[2023-05-07 21:24:56 #4 type] 
Type ejercicioClase.EmpleadoEntity is not enhanced.

[2023-05-07 21:24:56 #5 type] 
Type repasoEjercicioClase.DepartamentoEntity is not enhanced.

[2023-05-07 21:24:56 #6 type] 
Type repasoEjercicioClase.EmpleadoEntity is not enhanced.

------------------------------------------------------------------------------------------------------------------------

[2023-05-07 21:26:57 #1 store] 
Database 'C:\Users\migue\git\JavaLearn\UD9\db\empleados.odb' is opened by 4848@DESKTOP-CVFANML

[2023-05-07 21:26:57 #2 store] 
Configuration path: ?

[2023-05-07 21:26:57 #3 type] 
Type ejercicioClase.DepartamentoEntity is not enhanced.

[2023-05-07 21:26:57 #4 type] 
Type ejercicioClase.EmpleadoEntity is not enhanced.

[2023-05-07 21:26:57 #5 type] 
Type repasoEjercicioClase.DepartamentoEntity is not enhanced.

[2023-05-07 21:26:57 #6 type] 
Type repasoEjercicioClase.EmpleadoEntity is not enhanced.

