------------------------------------------------------------------------------------------------------------------------

[2023-05-02 11:44:27 #1 store] 
Database 'C:\Users\dam1alu15\git\JavaLearn\UD9\db\empleados.odb' is opened by 5616@B02-PC28

[2023-05-02 11:44:27 #2 store] 
Configuration path: ?

[2023-05-02 11:44:27 #3 type] 
Type ejercicioClase.DepartamentoEntity is not enhanced.

[2023-05-02 11:44:27 #4 type] 
Type ejercicioClase.EmpleadoEntity is not enhanced.

[2023-05-02 11:44:27 #5 store] 
Database 'C:\Users\dam1alu15\git\JavaLearn\UD9\db\empleados.odb' is closed by 5616@B02-PC28

------------------------------------------------------------------------------------------------------------------------

[2023-05-02 11:59:09 #1 store] 
Database 'C:\Users\dam1alu15\git\JavaLearn\UD9\db\empleados.odb' is opened by 9652@B02-PC28

[2023-05-02 11:59:09 #2 store] 
Configuration path: ?

[2023-05-02 11:59:09 #3 type] 
Type ejercicioClase.DepartamentoEntity is not enhanced.

[2023-05-02 11:59:09 #4 type] 
Type ejercicioClase.EmpleadoEntity is not enhanced.

------------------------------------------------------------------------------------------------------------------------

[2023-05-02 12:00:33 #1 store] 
Database 'C:\Users\dam1alu15\git\JavaLearn\UD9\db\empleados.odb' is opened by 5780@B02-PC28

[2023-05-02 12:00:33 #2 store] 
Configuration path: ?

[2023-05-02 12:00:33 #3 type] 
Type ejercicioClase.DepartamentoEntity is not enhanced.

[2023-05-02 12:00:33 #4 type] 
Type ejercicioClase.EmpleadoEntity is not enhanced.

------------------------------------------------------------------------------------------------------------------------

[2023-05-02 12:01:05 #1 store] 
Database 'C:\Users\dam1alu15\git\JavaLearn\UD9\db\empleados.odb' is opened by 2404@B02-PC28

[2023-05-02 12:01:05 #2 store] 
Configuration path: ?

[2023-05-02 12:01:05 #3 type] 
Type ejercicioClase.DepartamentoEntity is not enhanced.

[2023-05-02 12:01:05 #4 type] 
Type ejercicioClase.EmpleadoEntity is not enhanced.

[2023-05-02 12:01:05 #5 store] 
Database 'C:\Users\dam1alu15\git\JavaLearn\UD9\db\empleados.odb' is closed by 2404@B02-PC28

------------------------------------------------------------------------------------------------------------------------

[2023-05-02 12:01:54 #1 store] 
Database 'C:\Users\dam1alu15\git\JavaLearn\UD9\db\empleados.odb' is opened by 11760@B02-PC28

[2023-05-02 12:01:54 #2 store] 
Configuration path: ?

[2023-05-02 12:01:54 #3 type] 
Type ejercicioClase.DepartamentoEntity is not enhanced.

[2023-05-02 12:01:54 #4 type] 
Type ejercicioClase.EmpleadoEntity is not enhanced.

[2023-05-02 12:01:55 #5 store] 
Database 'C:\Users\dam1alu15\git\JavaLearn\UD9\db\empleados.odb' is closed by 11760@B02-PC28

------------------------------------------------------------------------------------------------------------------------

[2023-05-02 12:04:15 #1 store] 
Database 'C:\Users\dam1alu15\git\JavaLearn\UD9\db\empleados.odb' is opened by 10688@B02-PC28

[2023-05-02 12:04:15 #2 store] 
Configuration path: ?

[2023-05-02 12:04:15 #3 type] 
Type ejercicioClase.DepartamentoEntity is not enhanced.

[2023-05-02 12:04:15 #4 type] 
Type ejercicioClase.EmpleadoEntity is not enhanced.

------------------------------------------------------------------------------------------------------------------------

[2023-05-02 12:06:01 #1 store] 
Database 'C:\Users\dam1alu15\git\JavaLearn\UD9\db\empleados.odb' is opened by 3272@B02-PC28

[2023-05-02 12:06:01 #2 store] 
Configuration path: ?

[2023-05-02 12:06:01 #3 type] 
Type ejercicioClase.DepartamentoEntity is not enhanced.

[2023-05-02 12:06:01 #4 type] 
Type ejercicioClase.EmpleadoEntity is not enhanced.

------------------------------------------------------------------------------------------------------------------------

[2023-05-02 12:06:08 #1 store] 
Database 'C:\Users\dam1alu15\git\JavaLearn\UD9\db\empleados.odb' is opened by 8924@B02-PC28

[2023-05-02 12:06:08 #2 store] 
Configuration path: ?

[2023-05-02 12:06:09 #3 type] 
Type ejercicioClase.DepartamentoEntity is not enhanced.

[2023-05-02 12:06:09 #4 type] 
Type ejercicioClase.EmpleadoEntity is not enhanced.

------------------------------------------------------------------------------------------------------------------------

[2023-05-02 12:07:13 #1 store] 
Database 'C:\Users\dam1alu15\git\JavaLearn\UD9\db\empleados.odb' is opened by 3348@B02-PC28

[2023-05-02 12:07:13 #2 store] 
Configuration path: ?

[2023-05-02 12:07:13 #3 type] 
Type ejercicioClase.DepartamentoEntity is not enhanced.

[2023-05-02 12:07:13 #4 type] 
Type ejercicioClase.EmpleadoEntity is not enhanced.

[2023-05-02 12:07:14 #5 store] 
Database 'C:\Users\dam1alu15\git\JavaLearn\UD9\db\empleados.odb' is closed by 3348@B02-PC28

------------------------------------------------------------------------------------------------------------------------

[2023-05-02 12:07:32 #1 store] 
Database 'C:\Users\dam1alu15\git\JavaLearn\UD9\db\empleados.odb' is opened by 11596@B02-PC28

[2023-05-02 12:07:32 #2 store] 
Configuration path: ?

[2023-05-02 12:07:32 #3 type] 
Type ejercicioClase.DepartamentoEntity is not enhanced.

[2023-05-02 12:07:32 #4 type] 
Type ejercicioClase.EmpleadoEntity is not enhanced.

[2023-05-02 12:07:32 #5 store] 
Database 'C:\Users\dam1alu15\git\JavaLearn\UD9\db\empleados.odb' is closed by 11596@B02-PC28

------------------------------------------------------------------------------------------------------------------------

[2023-05-02 12:38:58 #1 store] 
Database 'C:\Users\dam1alu15\git\JavaLearn\UD9\db\empleados.odb' is opened by 1752@B02-PC28

[2023-05-02 12:38:58 #2 store] 
Configuration path: ?

[2023-05-02 12:38:58 #3 type] 
Type ejercicioClase.DepartamentoEntity is not enhanced.

[2023-05-02 12:38:58 #4 type] 
Type ejercicioClase.EmpleadoEntity is not enhanced.

------------------------------------------------------------------------------------------------------------------------

[2023-05-02 12:39:45 #1 store] 
Database 'C:\Users\dam1alu15\git\JavaLearn\UD9\db\empleados.odb' has been recovered (tr. 85-87)

[2023-05-02 12:39:45 #2 store] 
Database 'C:\Users\dam1alu15\git\JavaLearn\UD9\db\empleados.odb' is opened by 11824@B02-PC28

[2023-05-02 12:39:45 #3 store] 
Configuration path: ?

[2023-05-02 12:39:45 #4 type] 
Type ejercicioClase.DepartamentoEntity is not enhanced.

[2023-05-02 12:39:45 #5 type] 
Type ejercicioClase.EmpleadoEntity is not enhanced.

[2023-05-02 12:39:45 #6 store] 
Database 'C:\Users\dam1alu15\git\JavaLearn\UD9\db\empleados.odb' is closed by 11824@B02-PC28

------------------------------------------------------------------------------------------------------------------------

[2023-05-02 12:44:43 #1 store] 
Database 'C:\Users\dam1alu15\git\JavaLearn\UD9\db\empleados.odb' is opened by 8784@B02-PC28

[2023-05-02 12:44:43 #2 store] 
Configuration path: ?

[2023-05-02 12:44:43 #3 type] 
Type ejercicioClase.DepartamentoEntity is not enhanced.

[2023-05-02 12:44:43 #4 type] 
Type ejercicioClase.EmpleadoEntity is not enhanced.

[2023-05-02 12:44:43 #5 store] 
Database 'C:\Users\dam1alu15\git\JavaLearn\UD9\db\empleados.odb' is closed by 8784@B02-PC28

------------------------------------------------------------------------------------------------------------------------

[2023-05-02 12:47:38 #1 store] 
Database 'C:\Users\dam1alu15\git\JavaLearn\UD9\db\empleados.odb' is opened by 5136@B02-PC28

[2023-05-02 12:47:38 #2 store] 
Configuration path: ?

[2023-05-02 12:47:38 #3 type] 
Type ejercicioClase.DepartamentoEntity is not enhanced.

[2023-05-02 12:47:38 #4 type] 
Type ejercicioClase.EmpleadoEntity is not enhanced.

[2023-05-02 12:47:38 #5 store] 
Database 'C:\Users\dam1alu15\git\JavaLearn\UD9\db\empleados.odb' is closed by 5136@B02-PC28

------------------------------------------------------------------------------------------------------------------------

[2023-05-02 12:52:04 #1 store] 
Database 'C:\Users\dam1alu15\git\JavaLearn\UD9\db\empleados.odb' is opened by 5400@B02-PC28

[2023-05-02 12:52:04 #2 store] 
Configuration path: ?

[2023-05-02 12:52:04 #3 type] 
Type ejercicioClase.DepartamentoEntity is not enhanced.

[2023-05-02 12:52:04 #4 type] 
Type ejercicioClase.EmpleadoEntity is not enhanced.

------------------------------------------------------------------------------------------------------------------------

[2023-05-02 12:53:40 #1 store] 
Database 'C:\Users\dam1alu15\git\JavaLearn\UD9\db\empleados.odb' is opened by 7960@B02-PC28

[2023-05-02 12:53:40 #2 store] 
Configuration path: ?

[2023-05-02 12:53:40 #3 type] 
Type ejercicioClase.DepartamentoEntity is not enhanced.

[2023-05-02 12:53:40 #4 type] 
Type ejercicioClase.EmpleadoEntity is not enhanced.

------------------------------------------------------------------------------------------------------------------------

[2023-05-02 12:56:44 #1 store] 
Database 'C:\Users\dam1alu15\git\JavaLearn\UD9\db\empleados.odb' is opened by 8220@B02-PC28

[2023-05-02 12:56:44 #2 store] 
Configuration path: ?

[2023-05-02 12:56:44 #3 type] 
Type ejercicioClase.DepartamentoEntity is not enhanced.

[2023-05-02 12:56:44 #4 type] 
Type ejercicioClase.EmpleadoEntity is not enhanced.

[2023-05-02 12:56:44 #5 store] 
Database 'C:\Users\dam1alu15\git\JavaLearn\UD9\db\empleados.odb' is closed by 8220@B02-PC28

------------------------------------------------------------------------------------------------------------------------

[2023-05-02 12:56:59 #1 store] 
Database 'C:\Users\dam1alu15\git\JavaLearn\UD9\db\empleados.odb' is opened by 2392@B02-PC28

[2023-05-02 12:56:59 #2 store] 
Configuration path: ?

[2023-05-02 12:56:59 #3 type] 
Type ejercicioClase.DepartamentoEntity is not enhanced.

[2023-05-02 12:56:59 #4 type] 
Type ejercicioClase.EmpleadoEntity is not enhanced.

[2023-05-02 12:56:59 #5 store] 
Database 'C:\Users\dam1alu15\git\JavaLearn\UD9\db\empleados.odb' is closed by 2392@B02-PC28

------------------------------------------------------------------------------------------------------------------------

[2023-05-02 13:01:46 #1 store] 
Database 'C:\Users\dam1alu15\git\JavaLearn\UD9\db\empleados.odb' is opened by 4388@B02-PC28

[2023-05-02 13:01:46 #2 store] 
Configuration path: ?

[2023-05-02 13:01:46 #3 type] 
Type ejercicioClase.DepartamentoEntity is not enhanced.

[2023-05-02 13:01:46 #4 type] 
Type ejercicioClase.EmpleadoEntity is not enhanced.

[2023-05-02 13:01:46 #5 store] 
Database 'C:\Users\dam1alu15\git\JavaLearn\UD9\db\empleados.odb' is closed by 4388@B02-PC28

------------------------------------------------------------------------------------------------------------------------

[2023-05-02 13:22:31 #1 store] 
Database 'C:\Users\dam1alu15\git\JavaLearn\UD9\db\empleados.odb' is opened by 2224@B02-PC28

[2023-05-02 13:22:31 #2 store] 
Configuration path: ?

[2023-05-02 13:22:31 #3 type] 
Type ejercicioClase.DepartamentoEntity is not enhanced.

[2023-05-02 13:22:31 #4 type] 
Type ejercicioClase.EmpleadoEntity is not enhanced.

[2023-05-02 13:22:31 #5 store] 
Database 'C:\Users\dam1alu15\git\JavaLearn\UD9\db\empleados.odb' is closed by 2224@B02-PC28

------------------------------------------------------------------------------------------------------------------------

[2023-05-02 13:22:42 #1 store] 
Database 'C:\Users\dam1alu15\git\JavaLearn\UD9\db\empleados.odb' is opened by 7004@B02-PC28

[2023-05-02 13:22:42 #2 store] 
Configuration path: ?

[2023-05-02 13:22:43 #3 type] 
Type ejercicioClase.DepartamentoEntity is not enhanced.

[2023-05-02 13:22:43 #4 type] 
Type ejercicioClase.EmpleadoEntity is not enhanced.

[2023-05-02 13:22:43 #5 store] 
Database 'C:\Users\dam1alu15\git\JavaLearn\UD9\db\empleados.odb' is closed by 7004@B02-PC28

------------------------------------------------------------------------------------------------------------------------

[2023-05-02 13:35:10 #1 store] 
Database 'C:\Users\dam1alu15\git\JavaLearn\UD9\db\empleados.odb' is opened by 3688@B02-PC28

[2023-05-02 13:35:10 #2 store] 
Configuration path: ?

[2023-05-02 13:35:10 #3 type] 
Type ejercicioClase.DepartamentoEntity is not enhanced.

[2023-05-02 13:35:10 #4 type] 
Type ejercicioClase.EmpleadoEntity is not enhanced.

------------------------------------------------------------------------------------------------------------------------

[2023-05-02 13:35:25 #1 store] 
Database 'C:\Users\dam1alu15\git\JavaLearn\UD9\db\empleados.odb' is opened by 7484@B02-PC28

[2023-05-02 13:35:25 #2 store] 
Configuration path: ?

[2023-05-02 13:35:25 #3 type] 
Type ejercicioClase.DepartamentoEntity is not enhanced.

[2023-05-02 13:35:25 #4 type] 
Type ejercicioClase.EmpleadoEntity is not enhanced.

------------------------------------------------------------------------------------------------------------------------

[2023-05-02 13:35:40 #1 store] 
Database 'C:\Users\dam1alu15\git\JavaLearn\UD9\db\empleados.odb' is opened by 7748@B02-PC28

[2023-05-02 13:35:40 #2 store] 
Configuration path: ?

[2023-05-02 13:35:40 #3 type] 
Type ejercicioClase.DepartamentoEntity is not enhanced.

[2023-05-02 13:35:40 #4 type] 
Type ejercicioClase.EmpleadoEntity is not enhanced.

------------------------------------------------------------------------------------------------------------------------

[2023-05-02 13:36:29 #1 store] 
Database 'C:\Users\dam1alu15\git\JavaLearn\UD9\db\empleados.odb' is opened by 10180@B02-PC28

[2023-05-02 13:36:29 #2 store] 
Configuration path: ?

[2023-05-02 13:36:29 #3 type] 
Type ejercicioClase.DepartamentoEntity is not enhanced.

[2023-05-02 13:36:29 #4 type] 
Type ejercicioClase.EmpleadoEntity is not enhanced.

------------------------------------------------------------------------------------------------------------------------

[2023-05-02 13:37:24 #1 store] 
Database 'C:\Users\dam1alu15\git\JavaLearn\UD9\db\empleados.odb' is opened by 8216@B02-PC28

[2023-05-02 13:37:24 #2 store] 
Configuration path: ?

[2023-05-02 13:37:24 #3 type] 
Type ejercicioClase.DepartamentoEntity is not enhanced.

[2023-05-02 13:37:24 #4 type] 
Type ejercicioClase.EmpleadoEntity is not enhanced.

------------------------------------------------------------------------------------------------------------------------

[2023-05-02 13:52:27 #1 store] 
Database 'C:\Users\dam1alu15\git\JavaLearn\UD9\db\empleados.odb' is opened by 3172@B02-PC28

[2023-05-02 13:52:27 #2 store] 
Configuration path: ?

[2023-05-02 13:52:27 #3 type] 
Type ejercicioClase.DepartamentoEntity is not enhanced.

[2023-05-02 13:52:27 #4 type] 
Type ejercicioClase.EmpleadoEntity is not enhanced.

------------------------------------------------------------------------------------------------------------------------

[2023-05-02 14:08:20 #1 store] 
Database 'C:\Users\dam1alu15\git\JavaLearn\UD9\db\empleados.odb' is opened by 7220@B02-PC28

[2023-05-02 14:08:20 #2 store] 
Configuration path: ?

[2023-05-02 14:08:20 #3 type] 
Type ejercicioClase.DepartamentoEntity is not enhanced.

[2023-05-02 14:08:20 #4 type] 
Type ejercicioClase.EmpleadoEntity is not enhanced.

[2023-05-02 14:08:21 #5 store] 
Database 'C:\Users\dam1alu15\git\JavaLearn\UD9\db\empleados.odb' is closed by 7220@B02-PC28

------------------------------------------------------------------------------------------------------------------------

[2023-05-02 14:08:45 #1 store] 
Database 'C:\Users\dam1alu15\git\JavaLearn\UD9\db\empleados.odb' is opened by 1388@B02-PC28

[2023-05-02 14:08:45 #2 store] 
Configuration path: ?

[2023-05-02 14:08:45 #3 type] 
Type ejercicioClase.DepartamentoEntity is not enhanced.

[2023-05-02 14:08:45 #4 type] 
Type ejercicioClase.EmpleadoEntity is not enhanced.

[2023-05-02 14:08:45 #5 store] 
Database 'C:\Users\dam1alu15\git\JavaLearn\UD9\db\empleados.odb' is closed by 1388@B02-PC28

