------------------------------------------------------------------------------------------------------------------------

[2023-04-27 15:33:18 #1 store] 
Database 'C:\Users\migue\git\JavaLearn\UD9\db\empleados.odb' is opened by 712@DESKTOP-CVFANML

[2023-04-27 15:33:18 #2 store] 
Configuration path: ?

[2023-04-27 15:33:18 #3 type] 
Type ejercicioClase.DepartamentoEntity is not enhanced.

[2023-04-27 15:33:18 #4 type] 
Type ejercicioClase.EmpleadoEntity is not enhanced.

[2023-04-27 15:33:18 #5 store] 
Database 'C:\Users\migue\git\JavaLearn\UD9\db\empleados.odb' is closed by 712@DESKTOP-CVFANML

------------------------------------------------------------------------------------------------------------------------

[2023-04-27 15:35:45 #1 store] 
Database 'C:\Users\migue\git\JavaLearn\UD9\db\empleados.odb' is opened by 3184@DESKTOP-CVFANML

[2023-04-27 15:35:45 #2 store] 
Configuration path: ?

[2023-04-27 15:35:45 #3 type] 
Type ejercicioClase.DepartamentoEntity is not enhanced.

[2023-04-27 15:35:45 #4 type] 
Type ejercicioClase.EmpleadoEntity is not enhanced.

[2023-04-27 15:35:45 #5 store] 
Database 'C:\Users\migue\git\JavaLearn\UD9\db\empleados.odb' is closed by 3184@DESKTOP-CVFANML

------------------------------------------------------------------------------------------------------------------------

[2023-04-27 15:36:28 #1 store] 
Database 'C:\Users\migue\git\JavaLearn\UD9\db\empleados.odb' is opened by 9932@DESKTOP-CVFANML

[2023-04-27 15:36:28 #2 store] 
Configuration path: ?

[2023-04-27 15:36:28 #3 type] 
Type ejercicioClase.DepartamentoEntity is not enhanced.

[2023-04-27 15:36:28 #4 type] 
Type ejercicioClase.EmpleadoEntity is not enhanced.

[2023-04-27 15:36:28 #5 store] 
Database 'C:\Users\migue\git\JavaLearn\UD9\db\empleados.odb' is closed by 9932@DESKTOP-CVFANML

------------------------------------------------------------------------------------------------------------------------

[2023-04-27 15:36:56 #1 store] 
Database 'C:\Users\migue\git\JavaLearn\UD9\db\empleados.odb' is opened by 10084@DESKTOP-CVFANML

[2023-04-27 15:36:56 #2 store] 
Configuration path: ?

[2023-04-27 15:36:56 #3 type] 
Type ejercicioClase.DepartamentoEntity is not enhanced.

[2023-04-27 15:36:56 #4 type] 
Type ejercicioClase.EmpleadoEntity is not enhanced.

[2023-04-27 15:36:56 #5 store] 
Database 'C:\Users\migue\git\JavaLearn\UD9\db\empleados.odb' is closed by 10084@DESKTOP-CVFANML

------------------------------------------------------------------------------------------------------------------------

[2023-04-27 15:39:57 #1 store] 
Database 'C:\Users\migue\git\JavaLearn\UD9\db\empleados.odb' is opened by 7848@DESKTOP-CVFANML

[2023-04-27 15:39:57 #2 store] 
Configuration path: ?

[2023-04-27 15:39:57 #3 type] 
Type ejercicioClase.DepartamentoEntity is not enhanced.

[2023-04-27 15:39:57 #4 type] 
Type ejercicioClase.EmpleadoEntity is not enhanced.

[2023-04-27 15:39:57 #5 store] 
Database 'C:\Users\migue\git\JavaLearn\UD9\db\empleados.odb' is closed by 7848@DESKTOP-CVFANML

------------------------------------------------------------------------------------------------------------------------

[2023-04-27 15:40:15 #1 store] 
Database 'C:\Users\migue\git\JavaLearn\UD9\db\empleados.odb' is opened by 1468@DESKTOP-CVFANML

[2023-04-27 15:40:15 #2 store] 
Configuration path: ?

[2023-04-27 15:40:15 #3 type] 
Type ejercicioClase.DepartamentoEntity is not enhanced.

[2023-04-27 15:40:15 #4 type] 
Type ejercicioClase.EmpleadoEntity is not enhanced.

[2023-04-27 15:40:15 #5 store] 
Database 'C:\Users\migue\git\JavaLearn\UD9\db\empleados.odb' is closed by 1468@DESKTOP-CVFANML

------------------------------------------------------------------------------------------------------------------------

[2023-04-27 15:50:04 #1 store] 
Database 'C:\Users\migue\git\JavaLearn\UD9\db\empleados.odb' is opened by 712@DESKTOP-CVFANML

[2023-04-27 15:50:04 #2 store] 
Configuration path: ?

[2023-04-27 15:50:05 #3 type] 
Type ejercicioClase.DepartamentoEntity is not enhanced.

[2023-04-27 15:50:05 #4 type] 
Type ejercicioClase.EmpleadoEntity is not enhanced.

[2023-04-27 15:50:05 #5 store] 
Database 'C:\Users\migue\git\JavaLearn\UD9\db\empleados.odb' is closed by 712@DESKTOP-CVFANML

------------------------------------------------------------------------------------------------------------------------

[2023-04-27 15:50:13 #1 store] 
Database 'C:\Users\migue\git\JavaLearn\UD9\db\empleados.odb' is opened by 5852@DESKTOP-CVFANML

[2023-04-27 15:50:13 #2 store] 
Configuration path: ?

[2023-04-27 15:50:13 #3 type] 
Type ejercicioClase.DepartamentoEntity is not enhanced.

[2023-04-27 15:50:13 #4 type] 
Type ejercicioClase.EmpleadoEntity is not enhanced.

[2023-04-27 15:50:13 #5 store] 
Database 'C:\Users\migue\git\JavaLearn\UD9\db\empleados.odb' is closed by 5852@DESKTOP-CVFANML

------------------------------------------------------------------------------------------------------------------------

[2023-04-27 15:51:43 #1 store] 
Database 'C:\Users\migue\git\JavaLearn\UD9\db\empleados.odb' is opened by 7580@DESKTOP-CVFANML

[2023-04-27 15:51:43 #2 store] 
Configuration path: ?

[2023-04-27 15:51:43 #3 type] 
Type ejercicioClase.DepartamentoEntity is not enhanced.

[2023-04-27 15:51:43 #4 type] 
Type ejercicioClase.EmpleadoEntity is not enhanced.

[2023-04-27 15:51:43 #5 store] 
Database 'C:\Users\migue\git\JavaLearn\UD9\db\empleados.odb' is closed by 7580@DESKTOP-CVFANML

------------------------------------------------------------------------------------------------------------------------

[2023-04-27 15:59:14 #1 store] 
Database 'C:\Users\migue\git\JavaLearn\UD9\db\empleados.odb' is opened by 1316@DESKTOP-CVFANML

[2023-04-27 15:59:14 #2 store] 
Configuration path: ?

[2023-04-27 15:59:14 #3 type] 
Type ejercicioClase.DepartamentoEntity is not enhanced.

[2023-04-27 15:59:14 #4 type] 
Type ejercicioClase.EmpleadoEntity is not enhanced.

------------------------------------------------------------------------------------------------------------------------

[2023-04-27 15:59:29 #1 store] 
Database 'C:\Users\migue\git\JavaLearn\UD9\db\empleados.odb' is opened by 9204@DESKTOP-CVFANML

[2023-04-27 15:59:29 #2 store] 
Configuration path: ?

[2023-04-27 15:59:30 #3 type] 
Type ejercicioClase.DepartamentoEntity is not enhanced.

[2023-04-27 15:59:30 #4 type] 
Type ejercicioClase.EmpleadoEntity is not enhanced.

[2023-04-27 15:59:30 #5 store] 
Database 'C:\Users\migue\git\JavaLearn\UD9\db\empleados.odb' is closed by 9204@DESKTOP-CVFANML

------------------------------------------------------------------------------------------------------------------------

[2023-04-27 15:59:41 #1 store] 
Database 'C:\Users\migue\git\JavaLearn\UD9\db\empleados.odb' is opened by 3488@DESKTOP-CVFANML

[2023-04-27 15:59:41 #2 store] 
Configuration path: ?

[2023-04-27 15:59:41 #3 type] 
Type ejercicioClase.DepartamentoEntity is not enhanced.

[2023-04-27 15:59:41 #4 type] 
Type ejercicioClase.EmpleadoEntity is not enhanced.

[2023-04-27 15:59:41 #5 store] 
Database 'C:\Users\migue\git\JavaLearn\UD9\db\empleados.odb' is closed by 3488@DESKTOP-CVFANML

------------------------------------------------------------------------------------------------------------------------

[2023-04-27 16:17:18 #1 store] 
Database 'C:\Users\migue\git\JavaLearn\UD9\db\empleados.odb' is opened by 7588@DESKTOP-CVFANML

[2023-04-27 16:17:18 #2 store] 
Configuration path: ?

[2023-04-27 16:17:18 #3 type] 
Type ejercicioClase.DepartamentoEntity is not enhanced.

[2023-04-27 16:17:18 #4 type] 
Type ejercicioClase.EmpleadoEntity is not enhanced.

------------------------------------------------------------------------------------------------------------------------

[2023-04-27 16:17:29 #1 store] 
Database 'C:\Users\migue\git\JavaLearn\UD9\db\empleados.odb' is opened by 5228@DESKTOP-CVFANML

[2023-04-27 16:17:29 #2 store] 
Configuration path: ?

[2023-04-27 16:17:30 #3 type] 
Type ejercicioClase.DepartamentoEntity is not enhanced.

[2023-04-27 16:17:30 #4 type] 
Type ejercicioClase.EmpleadoEntity is not enhanced.

------------------------------------------------------------------------------------------------------------------------

[2023-04-27 16:18:02 #1 store] 
Database 'C:\Users\migue\git\JavaLearn\UD9\db\empleados.odb' is opened by 7100@DESKTOP-CVFANML

[2023-04-27 16:18:02 #2 store] 
Configuration path: ?

[2023-04-27 16:18:02 #3 type] 
Type ejercicioClase.DepartamentoEntity is not enhanced.

[2023-04-27 16:18:02 #4 type] 
Type ejercicioClase.EmpleadoEntity is not enhanced.

[2023-04-27 16:18:02 #5 store] 
Database 'C:\Users\migue\git\JavaLearn\UD9\db\empleados.odb' is closed by 7100@DESKTOP-CVFANML

------------------------------------------------------------------------------------------------------------------------

[2023-04-27 16:21:07 #1 store] 
Database 'C:\Users\migue\git\JavaLearn\UD9\db\empleados.odb' is opened by 1104@DESKTOP-CVFANML

[2023-04-27 16:21:07 #2 store] 
Configuration path: ?

[2023-04-27 16:21:07 #3 type] 
Type ejercicioClase.DepartamentoEntity is not enhanced.

[2023-04-27 16:21:07 #4 type] 
Type ejercicioClase.EmpleadoEntity is not enhanced.

------------------------------------------------------------------------------------------------------------------------

[2023-04-27 16:21:39 #1 store] 
Database 'C:\Users\migue\git\JavaLearn\UD9\db\empleados.odb' is opened by 2148@DESKTOP-CVFANML

[2023-04-27 16:21:39 #2 store] 
Configuration path: ?

[2023-04-27 16:21:39 #3 type] 
Type ejercicioClase.DepartamentoEntity is not enhanced.

[2023-04-27 16:21:39 #4 type] 
Type ejercicioClase.EmpleadoEntity is not enhanced.

------------------------------------------------------------------------------------------------------------------------

[2023-04-27 16:22:14 #1 store] 
Database 'C:\Users\migue\git\JavaLearn\UD9\db\empleados.odb' is opened by 4412@DESKTOP-CVFANML

[2023-04-27 16:22:14 #2 store] 
Configuration path: ?

[2023-04-27 16:22:14 #3 type] 
Type ejercicioClase.DepartamentoEntity is not enhanced.

[2023-04-27 16:22:14 #4 type] 
Type ejercicioClase.EmpleadoEntity is not enhanced.

[2023-04-27 16:22:14 #5 store] 
Database 'C:\Users\migue\git\JavaLearn\UD9\db\empleados.odb' is closed by 4412@DESKTOP-CVFANML

------------------------------------------------------------------------------------------------------------------------

[2023-04-27 16:26:39 #1 store] 
Database 'C:\Users\migue\git\JavaLearn\UD9\db\empleados.odb' is opened by 9472@DESKTOP-CVFANML

[2023-04-27 16:26:39 #2 store] 
Configuration path: ?

[2023-04-27 16:26:40 #3 type] 
Type ejercicioClase.DepartamentoEntity is not enhanced.

[2023-04-27 16:26:40 #4 type] 
Type ejercicioClase.EmpleadoEntity is not enhanced.

------------------------------------------------------------------------------------------------------------------------

[2023-04-27 16:27:05 #1 store] 
Database 'C:\Users\migue\git\JavaLearn\UD9\db\empleados.odb' is opened by 9424@DESKTOP-CVFANML

[2023-04-27 16:27:05 #2 store] 
Configuration path: ?

[2023-04-27 16:27:05 #3 type] 
Type ejercicioClase.DepartamentoEntity is not enhanced.

[2023-04-27 16:27:05 #4 type] 
Type ejercicioClase.EmpleadoEntity is not enhanced.

------------------------------------------------------------------------------------------------------------------------

[2023-04-27 16:27:14 #1 store] 
Database 'C:\Users\migue\git\JavaLearn\UD9\db\empleados.odb' is opened by 4180@DESKTOP-CVFANML

[2023-04-27 16:27:14 #2 store] 
Configuration path: ?

[2023-04-27 16:27:15 #3 type] 
Type ejercicioClase.DepartamentoEntity is not enhanced.

[2023-04-27 16:27:15 #4 type] 
Type ejercicioClase.EmpleadoEntity is not enhanced.

------------------------------------------------------------------------------------------------------------------------

[2023-04-27 16:27:40 #1 store] 
Database 'C:\Users\migue\git\JavaLearn\UD9\db\empleados.odb' is opened by 8308@DESKTOP-CVFANML

[2023-04-27 16:27:40 #2 store] 
Configuration path: ?

[2023-04-27 16:27:40 #3 type] 
Type ejercicioClase.DepartamentoEntity is not enhanced.

[2023-04-27 16:27:40 #4 type] 
Type ejercicioClase.EmpleadoEntity is not enhanced.

[2023-04-27 16:27:40 #5 store] 
Database 'C:\Users\migue\git\JavaLearn\UD9\db\empleados.odb' is closed by 8308@DESKTOP-CVFANML

------------------------------------------------------------------------------------------------------------------------

[2023-04-27 16:27:57 #1 store] 
Database 'C:\Users\migue\git\JavaLearn\UD9\db\empleados.odb' is opened by 9828@DESKTOP-CVFANML

[2023-04-27 16:27:57 #2 store] 
Configuration path: ?

[2023-04-27 16:27:57 #3 type] 
Type ejercicioClase.DepartamentoEntity is not enhanced.

[2023-04-27 16:27:57 #4 type] 
Type ejercicioClase.EmpleadoEntity is not enhanced.

------------------------------------------------------------------------------------------------------------------------

[2023-04-27 16:28:02 #1 store] 
Database 'C:\Users\migue\git\JavaLearn\UD9\db\empleados.odb' is opened by 9960@DESKTOP-CVFANML

[2023-04-27 16:28:02 #2 store] 
Configuration path: ?

[2023-04-27 16:28:02 #3 type] 
Type ejercicioClase.DepartamentoEntity is not enhanced.

[2023-04-27 16:28:02 #4 type] 
Type ejercicioClase.EmpleadoEntity is not enhanced.

------------------------------------------------------------------------------------------------------------------------

[2023-04-27 16:28:21 #1 store] 
Database 'C:\Users\migue\git\JavaLearn\UD9\db\empleados.odb' is opened by 8920@DESKTOP-CVFANML

[2023-04-27 16:28:21 #2 store] 
Configuration path: ?

[2023-04-27 16:28:21 #3 type] 
Type ejercicioClase.DepartamentoEntity is not enhanced.

[2023-04-27 16:28:21 #4 type] 
Type ejercicioClase.EmpleadoEntity is not enhanced.

[2023-04-27 16:28:21 #5 store] 
Database 'C:\Users\migue\git\JavaLearn\UD9\db\empleados.odb' is closed by 8920@DESKTOP-CVFANML

------------------------------------------------------------------------------------------------------------------------

[2023-04-27 16:29:51 #1 store] 
Database 'C:\Users\migue\git\JavaLearn\UD9\db\empleados.odb' is opened by 9408@DESKTOP-CVFANML

[2023-04-27 16:29:51 #2 store] 
Configuration path: ?

[2023-04-27 16:29:51 #3 type] 
Type ejercicioClase.DepartamentoEntity is not enhanced.

[2023-04-27 16:29:51 #4 type] 
Type ejercicioClase.EmpleadoEntity is not enhanced.

[2023-04-27 16:29:52 #5 store] 
Database 'C:\Users\migue\git\JavaLearn\UD9\db\empleados.odb' is closed by 9408@DESKTOP-CVFANML

------------------------------------------------------------------------------------------------------------------------

[2023-04-27 16:30:17 #1 store] 
Database 'C:\Users\migue\git\JavaLearn\UD9\db\empleados.odb' is opened by 4328@DESKTOP-CVFANML

[2023-04-27 16:30:17 #2 store] 
Configuration path: ?

[2023-04-27 16:30:17 #3 type] 
Type ejercicioClase.DepartamentoEntity is not enhanced.

[2023-04-27 16:30:17 #4 type] 
Type ejercicioClase.EmpleadoEntity is not enhanced.

------------------------------------------------------------------------------------------------------------------------

[2023-04-27 16:30:59 #1 store] 
Database 'C:\Users\migue\git\JavaLearn\UD9\db\empleados.odb' is opened by 9920@DESKTOP-CVFANML

[2023-04-27 16:30:59 #2 store] 
Configuration path: ?

[2023-04-27 16:30:59 #3 type] 
Type ejercicioClase.DepartamentoEntity is not enhanced.

[2023-04-27 16:30:59 #4 type] 
Type ejercicioClase.EmpleadoEntity is not enhanced.

[2023-04-27 16:30:59 #5 store] 
Database 'C:\Users\migue\git\JavaLearn\UD9\db\empleados.odb' is closed by 9920@DESKTOP-CVFANML

------------------------------------------------------------------------------------------------------------------------

[2023-04-27 16:36:03 #1 store] 
Database 'C:\Users\migue\git\JavaLearn\UD9\db\empleados.odb' is opened by 1744@DESKTOP-CVFANML

[2023-04-27 16:36:03 #2 store] 
Configuration path: ?

[2023-04-27 16:36:03 #3 type] 
Type ejercicioClase.DepartamentoEntity is not enhanced.

[2023-04-27 16:36:03 #4 type] 
Type ejercicioClase.EmpleadoEntity is not enhanced.

------------------------------------------------------------------------------------------------------------------------

[2023-04-27 16:36:17 #1 store] 
Database 'C:\Users\migue\git\JavaLearn\UD9\db\empleados.odb' is opened by 4688@DESKTOP-CVFANML

[2023-04-27 16:36:17 #2 store] 
Configuration path: ?

[2023-04-27 16:36:17 #3 type] 
Type ejercicioClase.DepartamentoEntity is not enhanced.

[2023-04-27 16:36:17 #4 type] 
Type ejercicioClase.EmpleadoEntity is not enhanced.

[2023-04-27 16:36:17 #5 store] 
Database 'C:\Users\migue\git\JavaLearn\UD9\db\empleados.odb' is closed by 4688@DESKTOP-CVFANML

------------------------------------------------------------------------------------------------------------------------

[2023-04-27 16:36:34 #1 store] 
Database 'C:\Users\migue\git\JavaLearn\UD9\db\empleados.odb' is opened by 896@DESKTOP-CVFANML

[2023-04-27 16:36:34 #2 store] 
Configuration path: ?

[2023-04-27 16:36:34 #3 type] 
Type ejercicioClase.DepartamentoEntity is not enhanced.

[2023-04-27 16:36:34 #4 type] 
Type ejercicioClase.EmpleadoEntity is not enhanced.

[2023-04-27 16:36:34 #5 store] 
Database 'C:\Users\migue\git\JavaLearn\UD9\db\empleados.odb' is closed by 896@DESKTOP-CVFANML

------------------------------------------------------------------------------------------------------------------------

[2023-04-27 16:36:44 #1 store] 
Database 'C:\Users\migue\git\JavaLearn\UD9\db\empleados.odb' is opened by 5836@DESKTOP-CVFANML

[2023-04-27 16:36:44 #2 store] 
Configuration path: ?

[2023-04-27 16:36:44 #3 type] 
Type ejercicioClase.DepartamentoEntity is not enhanced.

[2023-04-27 16:36:44 #4 type] 
Type ejercicioClase.EmpleadoEntity is not enhanced.

[2023-04-27 16:36:44 #5 store] 
Database 'C:\Users\migue\git\JavaLearn\UD9\db\empleados.odb' is closed by 5836@DESKTOP-CVFANML

------------------------------------------------------------------------------------------------------------------------

[2023-04-27 16:40:19 #1 store] 
Database 'C:\Users\migue\git\JavaLearn\UD9\db\empleados.odb' is opened by 10076@DESKTOP-CVFANML

[2023-04-27 16:40:19 #2 store] 
Configuration path: ?

[2023-04-27 16:40:19 #3 type] 
Type ejercicioClase.DepartamentoEntity is not enhanced.

[2023-04-27 16:40:19 #4 type] 
Type ejercicioClase.EmpleadoEntity is not enhanced.

------------------------------------------------------------------------------------------------------------------------

[2023-04-27 16:41:28 #1 store] 
Database 'C:\Users\migue\git\JavaLearn\UD9\db\empleados.odb' is opened by 9752@DESKTOP-CVFANML

[2023-04-27 16:41:28 #2 store] 
Configuration path: ?

[2023-04-27 16:41:28 #3 type] 
Type ejercicioClase.DepartamentoEntity is not enhanced.

[2023-04-27 16:41:28 #4 type] 
Type ejercicioClase.EmpleadoEntity is not enhanced.

------------------------------------------------------------------------------------------------------------------------

[2023-04-27 16:41:59 #1 store] 
Database 'C:\Users\migue\git\JavaLearn\UD9\db\empleados.odb' is opened by 3524@DESKTOP-CVFANML

[2023-04-27 16:41:59 #2 store] 
Configuration path: ?

[2023-04-27 16:41:59 #3 type] 
Type ejercicioClase.DepartamentoEntity is not enhanced.

[2023-04-27 16:41:59 #4 type] 
Type ejercicioClase.EmpleadoEntity is not enhanced.

------------------------------------------------------------------------------------------------------------------------

[2023-04-27 16:42:54 #1 store] 
Database 'C:\Users\migue\git\JavaLearn\UD9\db\empleados.odb' is opened by 1736@DESKTOP-CVFANML

[2023-04-27 16:42:54 #2 store] 
Configuration path: ?

[2023-04-27 16:42:54 #3 type] 
Type ejercicioClase.DepartamentoEntity is not enhanced.

[2023-04-27 16:42:54 #4 type] 
Type ejercicioClase.EmpleadoEntity is not enhanced.

------------------------------------------------------------------------------------------------------------------------

[2023-04-27 16:44:06 #1 store] 
Database 'C:\Users\migue\git\JavaLearn\UD9\db\empleados.odb' is opened by 1640@DESKTOP-CVFANML

[2023-04-27 16:44:06 #2 store] 
Configuration path: ?

[2023-04-27 16:44:06 #3 type] 
Type ejercicioClase.DepartamentoEntity is not enhanced.

[2023-04-27 16:44:06 #4 type] 
Type ejercicioClase.EmpleadoEntity is not enhanced.

------------------------------------------------------------------------------------------------------------------------

[2023-04-27 16:57:38 #1 store] 
Database 'C:\Users\migue\git\JavaLearn\UD9\db\empleados.odb' is opened by 10048@DESKTOP-CVFANML

[2023-04-27 16:57:38 #2 store] 
Configuration path: ?

[2023-04-27 16:57:38 #3 type] 
Type ejercicioClase.DepartamentoEntity is not enhanced.

[2023-04-27 16:57:38 #4 type] 
Type ejercicioClase.EmpleadoEntity is not enhanced.

------------------------------------------------------------------------------------------------------------------------

[2023-04-27 16:57:54 #1 store] 
Database 'C:\Users\migue\git\JavaLearn\UD9\db\empleados.odb' is opened by 8912@DESKTOP-CVFANML

[2023-04-27 16:57:54 #2 store] 
Configuration path: ?

[2023-04-27 16:57:54 #3 type] 
Type ejercicioClase.DepartamentoEntity is not enhanced.

[2023-04-27 16:57:54 #4 type] 
Type ejercicioClase.EmpleadoEntity is not enhanced.

------------------------------------------------------------------------------------------------------------------------

[2023-04-27 16:59:30 #1 store] 
Database 'C:\Users\migue\git\JavaLearn\UD9\db\empleados.odb' is opened by 8180@DESKTOP-CVFANML

[2023-04-27 16:59:30 #2 store] 
Configuration path: ?

[2023-04-27 16:59:30 #3 type] 
Type ejercicioClase.DepartamentoEntity is not enhanced.

[2023-04-27 16:59:30 #4 type] 
Type ejercicioClase.EmpleadoEntity is not enhanced.

[2023-04-27 16:59:30 #5 store] 
Database 'C:\Users\migue\git\JavaLearn\UD9\db\empleados.odb' is closed by 8180@DESKTOP-CVFANML

------------------------------------------------------------------------------------------------------------------------

[2023-04-27 16:59:43 #1 store] 
Database 'C:\Users\migue\git\JavaLearn\UD9\db\empleados.odb' is opened by 4352@DESKTOP-CVFANML

[2023-04-27 16:59:43 #2 store] 
Configuration path: ?

[2023-04-27 16:59:43 #3 type] 
Type ejercicioClase.DepartamentoEntity is not enhanced.

[2023-04-27 16:59:43 #4 type] 
Type ejercicioClase.EmpleadoEntity is not enhanced.

------------------------------------------------------------------------------------------------------------------------

[2023-04-27 17:00:02 #1 store] 
Database 'C:\Users\migue\git\JavaLearn\UD9\db\empleados.odb' is opened by 3348@DESKTOP-CVFANML

[2023-04-27 17:00:02 #2 store] 
Configuration path: ?

[2023-04-27 17:00:02 #3 type] 
Type ejercicioClase.DepartamentoEntity is not enhanced.

[2023-04-27 17:00:02 #4 type] 
Type ejercicioClase.EmpleadoEntity is not enhanced.

[2023-04-27 17:00:02 #5 store] 
Database 'C:\Users\migue\git\JavaLearn\UD9\db\empleados.odb' is closed by 3348@DESKTOP-CVFANML

------------------------------------------------------------------------------------------------------------------------

[2023-04-27 17:03:48 #1 store] 
Database 'C:\Users\migue\git\JavaLearn\UD9\db\empleados.odb' is opened by 6384@DESKTOP-CVFANML

[2023-04-27 17:03:48 #2 store] 
Configuration path: ?

[2023-04-27 17:03:48 #3 type] 
Type ejercicioClase.DepartamentoEntity is not enhanced.

[2023-04-27 17:03:48 #4 type] 
Type ejercicioClase.EmpleadoEntity is not enhanced.

------------------------------------------------------------------------------------------------------------------------

[2023-04-27 17:03:57 #1 store] 
Database 'C:\Users\migue\git\JavaLearn\UD9\db\empleados.odb' is opened by 9744@DESKTOP-CVFANML

[2023-04-27 17:03:57 #2 store] 
Configuration path: ?

[2023-04-27 17:03:57 #3 type] 
Type ejercicioClase.DepartamentoEntity is not enhanced.

[2023-04-27 17:03:57 #4 type] 
Type ejercicioClase.EmpleadoEntity is not enhanced.

------------------------------------------------------------------------------------------------------------------------

[2023-04-27 17:04:10 #1 store] 
Database 'C:\Users\migue\git\JavaLearn\UD9\db\empleados.odb' is opened by 7240@DESKTOP-CVFANML

[2023-04-27 17:04:10 #2 store] 
Configuration path: ?

[2023-04-27 17:04:10 #3 type] 
Type ejercicioClase.DepartamentoEntity is not enhanced.

[2023-04-27 17:04:10 #4 type] 
Type ejercicioClase.EmpleadoEntity is not enhanced.

------------------------------------------------------------------------------------------------------------------------

[2023-04-27 17:04:26 #1 store] 
Database 'C:\Users\migue\git\JavaLearn\UD9\db\empleados.odb' is opened by 8908@DESKTOP-CVFANML

[2023-04-27 17:04:26 #2 store] 
Configuration path: ?

[2023-04-27 17:04:26 #3 type] 
Type ejercicioClase.DepartamentoEntity is not enhanced.

[2023-04-27 17:04:26 #4 type] 
Type ejercicioClase.EmpleadoEntity is not enhanced.

------------------------------------------------------------------------------------------------------------------------

[2023-04-27 17:04:42 #1 store] 
Database 'C:\Users\migue\git\JavaLearn\UD9\db\empleados.odb' is opened by 2336@DESKTOP-CVFANML

[2023-04-27 17:04:42 #2 store] 
Configuration path: ?

[2023-04-27 17:04:42 #3 type] 
Type ejercicioClase.DepartamentoEntity is not enhanced.

[2023-04-27 17:04:42 #4 type] 
Type ejercicioClase.EmpleadoEntity is not enhanced.

[2023-04-27 17:04:42 #5 store] 
Database 'C:\Users\migue\git\JavaLearn\UD9\db\empleados.odb' is closed by 2336@DESKTOP-CVFANML

------------------------------------------------------------------------------------------------------------------------

[2023-04-27 17:05:46 #1 store] 
Database 'C:\Users\migue\git\JavaLearn\UD9\db\empleados.odb' is opened by 2952@DESKTOP-CVFANML

[2023-04-27 17:05:46 #2 store] 
Configuration path: ?

[2023-04-27 17:05:46 #3 type] 
Type ejercicioClase.DepartamentoEntity is not enhanced.

[2023-04-27 17:05:46 #4 type] 
Type ejercicioClase.EmpleadoEntity is not enhanced.

[2023-04-27 17:05:46 #5 store] 
Database 'C:\Users\migue\git\JavaLearn\UD9\db\empleados.odb' is closed by 2952@DESKTOP-CVFANML

------------------------------------------------------------------------------------------------------------------------

[2023-04-27 17:08:40 #1 store] 
Database 'C:\Users\migue\git\JavaLearn\UD9\db\empleados.odb' is opened by 8180@DESKTOP-CVFANML

[2023-04-27 17:08:40 #2 store] 
Configuration path: ?

[2023-04-27 17:08:40 #3 type] 
Type ejercicioClase.DepartamentoEntity is not enhanced.

[2023-04-27 17:08:40 #4 type] 
Type ejercicioClase.EmpleadoEntity is not enhanced.

------------------------------------------------------------------------------------------------------------------------

[2023-04-27 17:08:47 #1 store] 
Database 'C:\Users\migue\git\JavaLearn\UD9\db\empleados.odb' is opened by 7396@DESKTOP-CVFANML

[2023-04-27 17:08:47 #2 store] 
Configuration path: ?

[2023-04-27 17:08:47 #3 type] 
Type ejercicioClase.DepartamentoEntity is not enhanced.

[2023-04-27 17:08:47 #4 type] 
Type ejercicioClase.EmpleadoEntity is not enhanced.

[2023-04-27 17:08:47 #5 store] 
Database 'C:\Users\migue\git\JavaLearn\UD9\db\empleados.odb' is closed by 7396@DESKTOP-CVFANML

------------------------------------------------------------------------------------------------------------------------

[2023-04-27 17:12:02 #1 store] 
Database 'C:\Users\migue\git\JavaLearn\UD9\db\empleados.odb' is opened by 10156@DESKTOP-CVFANML

[2023-04-27 17:12:02 #2 store] 
Configuration path: ?

[2023-04-27 17:12:03 #3 type] 
Type ejercicioClase.DepartamentoEntity is not enhanced.

[2023-04-27 17:12:03 #4 type] 
Type ejercicioClase.EmpleadoEntity is not enhanced.

------------------------------------------------------------------------------------------------------------------------

[2023-04-27 17:12:19 #1 store] 
Database 'C:\Users\migue\git\JavaLearn\UD9\db\empleados.odb' is opened by 4160@DESKTOP-CVFANML

[2023-04-27 17:12:19 #2 store] 
Configuration path: ?

[2023-04-27 17:12:19 #3 type] 
Type ejercicioClase.DepartamentoEntity is not enhanced.

[2023-04-27 17:12:19 #4 type] 
Type ejercicioClase.EmpleadoEntity is not enhanced.

[2023-04-27 17:12:19 #5 store] 
Database 'C:\Users\migue\git\JavaLearn\UD9\db\empleados.odb' is closed by 4160@DESKTOP-CVFANML

------------------------------------------------------------------------------------------------------------------------

[2023-04-27 17:17:25 #1 store] 
Database 'C:\Users\migue\git\JavaLearn\UD9\db\empleados.odb' is opened by 8912@DESKTOP-CVFANML

[2023-04-27 17:17:25 #2 store] 
Configuration path: ?

[2023-04-27 17:17:25 #3 type] 
Type ejercicioClase.DepartamentoEntity is not enhanced.

[2023-04-27 17:17:25 #4 type] 
Type ejercicioClase.EmpleadoEntity is not enhanced.

[2023-04-27 17:17:25 #5 store] 
Database 'C:\Users\migue\git\JavaLearn\UD9\db\empleados.odb' is closed by 8912@DESKTOP-CVFANML

------------------------------------------------------------------------------------------------------------------------

[2023-04-27 17:19:32 #1 store] 
Database 'C:\Users\migue\git\JavaLearn\UD9\db\empleados.odb' is opened by 5128@DESKTOP-CVFANML

[2023-04-27 17:19:32 #2 store] 
Configuration path: ?

[2023-04-27 17:19:32 #3 type] 
Type ejercicioClase.DepartamentoEntity is not enhanced.

[2023-04-27 17:19:32 #4 type] 
Type ejercicioClase.EmpleadoEntity is not enhanced.

[2023-04-27 17:19:32 #5 store] 
Database 'C:\Users\migue\git\JavaLearn\UD9\db\empleados.odb' is closed by 5128@DESKTOP-CVFANML

------------------------------------------------------------------------------------------------------------------------

[2023-04-27 17:23:36 #1 store] 
Database 'C:\Users\migue\git\JavaLearn\UD9\db\empleados.odb' is opened by 2384@DESKTOP-CVFANML

[2023-04-27 17:23:36 #2 store] 
Configuration path: ?

[2023-04-27 17:23:36 #3 type] 
Type ejercicioClase.DepartamentoEntity is not enhanced.

[2023-04-27 17:23:36 #4 type] 
Type ejercicioClase.EmpleadoEntity is not enhanced.

[2023-04-27 17:23:36 #5 store] 
Database 'C:\Users\migue\git\JavaLearn\UD9\db\empleados.odb' is closed by 2384@DESKTOP-CVFANML

------------------------------------------------------------------------------------------------------------------------

[2023-04-27 17:27:52 #1 store] 
Database 'C:\Users\migue\git\JavaLearn\UD9\db\empleados.odb' is opened by 4680@DESKTOP-CVFANML

[2023-04-27 17:27:52 #2 store] 
Configuration path: ?

[2023-04-27 17:27:52 #3 type] 
Type ejercicioClase.DepartamentoEntity is not enhanced.

[2023-04-27 17:27:52 #4 type] 
Type ejercicioClase.EmpleadoEntity is not enhanced.

[2023-04-27 17:27:53 #5 store] 
Database 'C:\Users\migue\git\JavaLearn\UD9\db\empleados.odb' is closed by 4680@DESKTOP-CVFANML

------------------------------------------------------------------------------------------------------------------------

[2023-04-27 17:29:12 #1 store] 
Database 'C:\Users\migue\git\JavaLearn\UD9\db\empleados.odb' is opened by 2820@DESKTOP-CVFANML

[2023-04-27 17:29:12 #2 store] 
Configuration path: ?

[2023-04-27 17:29:12 #3 type] 
Type ejercicioClase.DepartamentoEntity is not enhanced.

[2023-04-27 17:29:12 #4 type] 
Type ejercicioClase.EmpleadoEntity is not enhanced.

[2023-04-27 17:29:13 #5 query] 
Error during query execution: update EmpleadoEntity set salario = salario + :c where departamento.dptoId = : d({c->200,d->10})

[2023-04-27 17:29:13 #6 *] 
[ObjectDB 2.8.2] Unexpected exception (Error 990)
  Generated by OpenJDK 64-Bit Server VM 17.0.4.1 (on Windows 11 10.0).
Please report this error on http://www.objectdb.com/issue/new
com.objectdb.o.InternalException: null
com.objectdb.o.InternalException
	at com.objectdb.o.InternalException.f(InternalException.java:235)
	at com.objectdb.o.QRC.i(QRC.java:294)
	at com.objectdb.o.QRC.j(QRC.java:197)
	at com.objectdb.o.QRM.ZU(QRM.java:273)
	at com.objectdb.o.MST.ZU(MST.java:1019)
	at com.objectdb.o.WRA.ZU(WRA.java:313)
	at com.objectdb.o.WSM.ZU(WSM.java:117)
	at com.objectdb.o.QRR.k(QRR.java:260)
	at com.objectdb.o.QRR.i(QRR.java:154)
	at com.objectdb.jpa.JpaQuery.executeUpdate(JpaQuery.java:786)
	at ejercicioClase.AccesoBdatos.incrementarSalarioDepartamento(AccesoBdatos.java:298)
	at ejercicioClase.Main2.main(Main2.java:47)

------------------------------------------------------------------------------------------------------------------------

[2023-04-27 17:29:25 #1 store] 
Database 'C:\Users\migue\git\JavaLearn\UD9\db\empleados.odb' has been recovered (tr. 21-23)

[2023-04-27 17:29:25 #2 store] 
Database 'C:\Users\migue\git\JavaLearn\UD9\db\empleados.odb' is opened by 3120@DESKTOP-CVFANML

[2023-04-27 17:29:25 #3 store] 
Configuration path: ?

[2023-04-27 17:29:25 #4 type] 
Type ejercicioClase.DepartamentoEntity is not enhanced.

[2023-04-27 17:29:25 #5 type] 
Type ejercicioClase.EmpleadoEntity is not enhanced.

------------------------------------------------------------------------------------------------------------------------

[2023-04-27 17:29:40 #1 store] 
Database 'C:\Users\migue\git\JavaLearn\UD9\db\empleados.odb' has been recovered (tr. 25-27)

[2023-04-27 17:29:40 #2 store] 
Database 'C:\Users\migue\git\JavaLearn\UD9\db\empleados.odb' is opened by 9548@DESKTOP-CVFANML

[2023-04-27 17:29:40 #3 store] 
Configuration path: ?

[2023-04-27 17:29:40 #4 type] 
Type ejercicioClase.DepartamentoEntity is not enhanced.

[2023-04-27 17:29:40 #5 type] 
Type ejercicioClase.EmpleadoEntity is not enhanced.

[2023-04-27 17:29:40 #6 store] 
Database 'C:\Users\migue\git\JavaLearn\UD9\db\empleados.odb' is closed by 9548@DESKTOP-CVFANML

------------------------------------------------------------------------------------------------------------------------

[2023-04-27 17:33:49 #1 store] 
Database 'C:\Users\migue\git\JavaLearn\UD9\db\empleados.odb' is opened by 7592@DESKTOP-CVFANML

[2023-04-27 17:33:49 #2 store] 
Configuration path: ?

[2023-04-27 17:33:49 #3 type] 
Type ejercicioClase.DepartamentoEntity is not enhanced.

[2023-04-27 17:33:49 #4 type] 
Type ejercicioClase.EmpleadoEntity is not enhanced.

[2023-04-27 17:33:49 #5 store] 
Database 'C:\Users\migue\git\JavaLearn\UD9\db\empleados.odb' is closed by 7592@DESKTOP-CVFANML

------------------------------------------------------------------------------------------------------------------------

[2023-04-27 17:35:05 #1 store] 
Database 'C:\Users\migue\git\JavaLearn\UD9\db\empleados.odb' is opened by 9568@DESKTOP-CVFANML

[2023-04-27 17:35:05 #2 store] 
Configuration path: ?

[2023-04-27 17:35:05 #3 type] 
Type ejercicioClase.DepartamentoEntity is not enhanced.

[2023-04-27 17:35:05 #4 type] 
Type ejercicioClase.EmpleadoEntity is not enhanced.

[2023-04-27 17:35:05 #5 store] 
Database 'C:\Users\migue\git\JavaLearn\UD9\db\empleados.odb' is closed by 9568@DESKTOP-CVFANML

------------------------------------------------------------------------------------------------------------------------

[2023-04-27 17:35:31 #1 store] 
Database 'C:\Users\migue\git\JavaLearn\UD9\db\empleados.odb' is opened by 1088@DESKTOP-CVFANML

[2023-04-27 17:35:31 #2 store] 
Configuration path: ?

[2023-04-27 17:35:31 #3 type] 
Type ejercicioClase.DepartamentoEntity is not enhanced.

[2023-04-27 17:35:31 #4 type] 
Type ejercicioClase.EmpleadoEntity is not enhanced.

[2023-04-27 17:35:31 #5 store] 
Database 'C:\Users\migue\git\JavaLearn\UD9\db\empleados.odb' is closed by 1088@DESKTOP-CVFANML

