------------------------------------------------------------------------------------------------------------------------

[2023-06-06 12:15:31 #1 store] 
Database 'C:\Users\dam1alu15\git\JavaLearn\REPASO-P9\db\empleados.odb' is opened by 8828@B02-PC28

[2023-06-06 12:15:31 #2 store] 
Configuration path: ?

[2023-06-06 12:15:31 #3 type] 
Type TypedQuery.DepartamentoEntity is not enhanced.

[2023-06-06 12:15:31 #4 type] 
Type TypedQuery.EmpleadoEntity is not enhanced.

------------------------------------------------------------------------------------------------------------------------

[2023-06-06 12:16:04 #1 store] 
Database 'C:\Users\dam1alu15\git\JavaLearn\REPASO-P9\db\empleados.odb' is opened by 9056@B02-PC28

[2023-06-06 12:16:04 #2 store] 
Configuration path: ?

[2023-06-06 12:16:04 #3 type] 
Type TypedQuery.DepartamentoEntity is not enhanced.

[2023-06-06 12:16:04 #4 type] 
Type TypedQuery.EmpleadoEntity is not enhanced.

------------------------------------------------------------------------------------------------------------------------

[2023-06-06 12:16:10 #1 store] 
Database 'C:\Users\dam1alu15\git\JavaLearn\REPASO-P9\db\empleados.odb' is opened by 8048@B02-PC28

[2023-06-06 12:16:10 #2 store] 
Configuration path: ?

[2023-06-06 12:16:10 #3 type] 
Type TypedQuery.DepartamentoEntity is not enhanced.

[2023-06-06 12:16:10 #4 type] 
Type TypedQuery.EmpleadoEntity is not enhanced.

------------------------------------------------------------------------------------------------------------------------

[2023-06-06 12:16:25 #1 store] 
Database 'C:\Users\dam1alu15\git\JavaLearn\REPASO-P9\db\empleados.odb' is opened by 1976@B02-PC28

[2023-06-06 12:16:25 #2 store] 
Configuration path: ?

[2023-06-06 12:16:25 #3 type] 
Type TypedQuery.DepartamentoEntity is not enhanced.

[2023-06-06 12:16:25 #4 type] 
Type TypedQuery.EmpleadoEntity is not enhanced.

------------------------------------------------------------------------------------------------------------------------

[2023-06-06 12:16:34 #1 store] 
Database 'C:\Users\dam1alu15\git\JavaLearn\REPASO-P9\db\empleados.odb' is opened by 3164@B02-PC28

[2023-06-06 12:16:34 #2 store] 
Configuration path: ?

[2023-06-06 12:16:34 #3 type] 
Type TypedQuery.DepartamentoEntity is not enhanced.

[2023-06-06 12:16:34 #4 type] 
Type TypedQuery.EmpleadoEntity is not enhanced.

------------------------------------------------------------------------------------------------------------------------

[2023-06-06 12:16:42 #1 store] 
Database 'C:\Users\dam1alu15\git\JavaLearn\REPASO-P9\db\empleados.odb' is opened by 6028@B02-PC28

[2023-06-06 12:16:42 #2 store] 
Configuration path: ?

[2023-06-06 12:16:42 #3 type] 
Type TypedQuery.DepartamentoEntity is not enhanced.

[2023-06-06 12:16:42 #4 type] 
Type TypedQuery.EmpleadoEntity is not enhanced.

------------------------------------------------------------------------------------------------------------------------

[2023-06-06 12:17:25 #1 store] 
Database 'C:\Users\dam1alu15\git\JavaLearn\REPASO-P9\db\empleados.odb' is opened by 2340@B02-PC28

[2023-06-06 12:17:25 #2 store] 
Configuration path: ?

[2023-06-06 12:17:25 #3 type] 
Type TypedQuery.DepartamentoEntity is not enhanced.

[2023-06-06 12:17:25 #4 type] 
Type TypedQuery.EmpleadoEntity is not enhanced.

[2023-06-06 12:17:25 #5 query] 
Error during query execution: update EmpleadoEntity set salario = salario + :c where departamento.dptoId = :d({c->200,d->10})

[2023-06-06 12:17:25 #6 *] 
[ObjectDB 2.8.2] Unexpected exception (Error 990)
  Generated by OpenJDK 64-Bit Server VM 17.0.4.1 (on Windows 10 10.0).
Please report this error on http://www.objectdb.com/issue/new
com.objectdb.o.InternalException: null
com.objectdb.o.InternalException
	at com.objectdb.o.InternalException.f(InternalException.java:235)
	at com.objectdb.o.QRC.i(QRC.java:294)
	at com.objectdb.o.QRC.j(QRC.java:197)
	at com.objectdb.o.QRM.ZU(QRM.java:273)
	at com.objectdb.o.MST.ZU(MST.java:1019)
	at com.objectdb.o.WRA.ZU(WRA.java:313)
	at com.objectdb.o.WSM.ZU(WSM.java:117)
	at com.objectdb.o.QRR.k(QRR.java:260)
	at com.objectdb.o.QRR.i(QRR.java:154)
	at com.objectdb.jpa.JpaQuery.executeUpdate(JpaQuery.java:786)
	at TypedQuery.AccesoBdatos.incrementarSalarioDepartamento(AccesoBdatos.java:178)
	at TypedQuery.Main2.main(Main2.java:48)

