------------------------------------------------------------------------------------------------------------------------

[2023-04-25 12:26:32 #1 store] 
Database 'C:\Users\dam1alu15\git\JavaLearn\UD9\db\p2.odb' is opened by 2960@B02-PC28

[2023-04-25 12:26:32 #2 store] 
Configuration path: ?

[2023-04-25 12:26:32 #3 type] 
Type tutorial.Point is not enhanced.

------------------------------------------------------------------------------------------------------------------------

[2023-04-25 12:45:00 #1 store] 
Database 'C:\Users\dam1alu15\git\JavaLearn\UD9\db\p2.odb' is opened by 9372@B02-PC28

[2023-04-25 12:45:00 #2 store] 
Configuration path: ?

[2023-04-25 12:45:00 #3 type] 
Type tutorial.Point is not enhanced.

[2023-04-25 12:45:00 #4 store] 
Database 'C:\Users\dam1alu15\git\JavaLearn\UD9\db\p2.odb' is closed by 9372@B02-PC28

------------------------------------------------------------------------------------------------------------------------

[2023-04-25 13:03:48 #1 store] 
Database 'C:\Users\dam1alu15\git\JavaLearn\UD9\db\p2.odb' is opened by 6632@B02-PC28

[2023-04-25 13:03:48 #2 store] 
Configuration path: ?

[2023-04-25 13:03:48 #3 type] 
Type tutorial.Point is not enhanced.

[2023-04-25 13:03:48 #4 store] 
Database 'C:\Users\dam1alu15\git\JavaLearn\UD9\db\p2.odb' is closed by 6632@B02-PC28

------------------------------------------------------------------------------------------------------------------------

[2023-04-25 13:16:28 #1 store] 
Database 'C:\Users\dam1alu15\git\JavaLearn\UD9\db\p2.odb' is opened by 6968@B02-PC28

[2023-04-25 13:16:28 #2 store] 
Configuration path: ?

[2023-04-25 13:16:28 #3 type] 
Type tutorial.Point is not enhanced.

[2023-04-25 13:16:28 #4 store] 
Database 'C:\Users\dam1alu15\git\JavaLearn\UD9\db\p2.odb' is closed by 6968@B02-PC28

------------------------------------------------------------------------------------------------------------------------

[2023-04-25 14:02:49 #1 store] 
Database 'C:\Users\dam1alu15\git\JavaLearn\UD9\db\empleados.odb' is opened by 6124@B02-PC28

[2023-04-25 14:02:49 #2 store] 
Configuration path: ?

[2023-04-25 14:02:49 #3 type] 
Type ejercicioClase.DepartamentoEntity is not enhanced.

[2023-04-25 14:02:49 #4 type] 
Type ejercicioClase.EmpleadoEntity is not enhanced.

[2023-04-25 14:02:49 #5 store] 
Database 'C:\Users\dam1alu15\git\JavaLearn\UD9\db\empleados.odb' is closed by 6124@B02-PC28

------------------------------------------------------------------------------------------------------------------------

[2023-04-25 14:07:53 #1 store] 
Database 'C:\Users\dam1alu15\git\JavaLearn\UD9\db\empleados.odb' is opened by 10556@B02-PC28

[2023-04-25 14:07:54 #2 store] 
Configuration path: ?

[2023-04-25 14:07:54 #3 type] 
Type ejercicioClase.DepartamentoEntity is not enhanced.

[2023-04-25 14:07:54 #4 type] 
Type ejercicioClase.EmpleadoEntity is not enhanced.

[2023-04-25 14:07:54 #5 store] 
Database 'C:\Users\dam1alu15\git\JavaLearn\UD9\db\empleados.odb' is closed by 10556@B02-PC28

------------------------------------------------------------------------------------------------------------------------

[2023-04-25 14:12:28 #1 store] 
Database 'C:\Users\dam1alu15\git\JavaLearn\UD9\db\empleados.odb' is opened by 12004@B02-PC28

[2023-04-25 14:12:28 #2 store] 
Configuration path: ?

[2023-04-25 14:12:29 #3 type] 
Type ejercicioClase.DepartamentoEntity is not enhanced.

[2023-04-25 14:12:29 #4 type] 
Type ejercicioClase.EmpleadoEntity is not enhanced.

[2023-04-25 14:12:29 #5 store] 
Database 'C:\Users\dam1alu15\git\JavaLearn\UD9\db\empleados.odb' is closed by 12004@B02-PC28

------------------------------------------------------------------------------------------------------------------------

[2023-04-25 14:15:37 #1 store] 
Database 'C:\Users\dam1alu15\git\JavaLearn\UD9\db\empleados.odb' is opened by 5172@B02-PC28

[2023-04-25 14:15:37 #2 store] 
Configuration path: ?

[2023-04-25 14:15:37 #3 type] 
Type ejercicioClase.DepartamentoEntity is not enhanced.

[2023-04-25 14:15:37 #4 type] 
Type ejercicioClase.EmpleadoEntity is not enhanced.

[2023-04-25 14:15:37 #5 store] 
Database 'C:\Users\dam1alu15\git\JavaLearn\UD9\db\empleados.odb' is closed by 5172@B02-PC28

