------------------------------------------------------------------------------------------------------------------------

[2023-05-03 08:31:55 #1 store] 
Database 'C:\Users\dam1alu15\git\JavaLearn\UD9\db\empleados.odb' is opened by 10488@B02-PC28

[2023-05-03 08:31:55 #2 store] 
Configuration path: ?

[2023-05-03 08:31:55 #3 type] 
Type ejercicioClase.DepartamentoEntity is not enhanced.

[2023-05-03 08:31:55 #4 type] 
Type ejercicioClase.EmpleadoEntity is not enhanced.

[2023-05-03 08:31:56 #5 store] 
Database 'C:\Users\dam1alu15\git\JavaLearn\UD9\db\empleados.odb' is closed by 10488@B02-PC28

------------------------------------------------------------------------------------------------------------------------

[2023-05-03 08:37:42 #1 store] 
Database 'C:\Users\dam1alu15\git\JavaLearn\UD9\db\empleados.odb' is opened by 9212@B02-PC28

[2023-05-03 08:37:42 #2 store] 
Configuration path: ?

[2023-05-03 08:37:42 #3 type] 
Type ejercicioClase.DepartamentoEntity is not enhanced.

[2023-05-03 08:37:42 #4 type] 
Type ejercicioClase.EmpleadoEntity is not enhanced.

[2023-05-03 08:37:42 #5 store] 
Database 'C:\Users\dam1alu15\git\JavaLearn\UD9\db\empleados.odb' is closed by 9212@B02-PC28

------------------------------------------------------------------------------------------------------------------------

[2023-05-03 08:49:01 #1 store] 
Database 'C:\Users\dam1alu15\git\JavaLearn\UD9\db\empleados.odb' is opened by 6112@B02-PC28

[2023-05-03 08:49:01 #2 store] 
Configuration path: ?

[2023-05-03 08:49:01 #3 type] 
Type ejercicioClase.DepartamentoEntity is not enhanced.

[2023-05-03 08:49:01 #4 type] 
Type ejercicioClase.EmpleadoEntity is not enhanced.

[2023-05-03 08:49:01 #5 store] 
Database 'C:\Users\dam1alu15\git\JavaLearn\UD9\db\empleados.odb' is closed by 6112@B02-PC28

------------------------------------------------------------------------------------------------------------------------

[2023-05-03 08:52:41 #1 store] 
Database 'C:\Users\dam1alu15\git\JavaLearn\UD9\db\empleados.odb' is opened by 11544@B02-PC28

[2023-05-03 08:52:41 #2 store] 
Configuration path: ?

[2023-05-03 08:52:41 #3 type] 
Type ejercicioClase.DepartamentoEntity is not enhanced.

[2023-05-03 08:52:41 #4 type] 
Type ejercicioClase.EmpleadoEntity is not enhanced.

[2023-05-03 08:52:41 #5 store] 
Database 'C:\Users\dam1alu15\git\JavaLearn\UD9\db\empleados.odb' is closed by 11544@B02-PC28

