------------------------------------------------------------------------------------------------------------------------

[2023-04-26 08:58:42 #1 store] 
Database 'C:\Users\dam1alu15\git\JavaLearn\UD9\db\empleados.odb' is opened by 656@B02-PC28

[2023-04-26 08:58:42 #2 store] 
Configuration path: ?

[2023-04-26 08:58:42 #3 type] 
Type ejercicioClase.DepartamentoEntity is not enhanced.

[2023-04-26 08:58:42 #4 type] 
Type ejercicioClase.EmpleadoEntity is not enhanced.

[2023-04-26 08:58:42 #5 store] 
Database 'C:\Users\dam1alu15\git\JavaLearn\UD9\db\empleados.odb' is closed by 656@B02-PC28

------------------------------------------------------------------------------------------------------------------------

[2023-04-26 09:05:44 #1 store] 
Database 'C:\Users\dam1alu15\git\JavaLearn\UD9\db\empleados.odb' is opened by 1812@B02-PC28

[2023-04-26 09:05:44 #2 store] 
Configuration path: ?

[2023-04-26 09:05:44 #3 type] 
Type ejercicioClase.DepartamentoEntity is not enhanced.

[2023-04-26 09:05:44 #4 type] 
Type ejercicioClase.EmpleadoEntity is not enhanced.

[2023-04-26 09:05:45 #5 store] 
Database 'C:\Users\dam1alu15\git\JavaLearn\UD9\db\empleados.odb' is closed by 1812@B02-PC28

------------------------------------------------------------------------------------------------------------------------

[2023-04-26 09:12:06 #1 store] 
Database 'C:\Users\dam1alu15\git\JavaLearn\UD9\db\empleados.odb' is opened by 6156@B02-PC28

[2023-04-26 09:12:06 #2 store] 
Configuration path: ?

[2023-04-26 09:12:06 #3 type] 
Type ejercicioClase.DepartamentoEntity is not enhanced.

[2023-04-26 09:12:06 #4 type] 
Type ejercicioClase.EmpleadoEntity is not enhanced.

[2023-04-26 09:12:06 #5 store] 
Database 'C:\Users\dam1alu15\git\JavaLearn\UD9\db\empleados.odb' is closed by 6156@B02-PC28

------------------------------------------------------------------------------------------------------------------------

[2023-04-26 09:44:05 #1 store] 
Database 'C:\Users\dam1alu15\git\JavaLearn\UD9\db\empleados.odb' is opened by 10152@B02-PC28

[2023-04-26 09:44:05 #2 store] 
Configuration path: ?

[2023-04-26 09:44:05 #3 type] 
Type ejercicioClase.DepartamentoEntity is not enhanced.

[2023-04-26 09:44:05 #4 type] 
Type ejercicioClase.EmpleadoEntity is not enhanced.

[2023-04-26 09:44:05 #5 store] 
Database 'C:\Users\dam1alu15\git\JavaLearn\UD9\db\empleados.odb' is closed by 10152@B02-PC28

